2016-03-15 16:36:54 INFO  Messenger:33 - received local: ru
2016-03-15 16:36:54 INFO  Messenger:45 - result of recognizeLocale: russian.properties
2016-03-15 16:36:54 INFO  Messenger:50 - received nameOfPropertiesFile: russian.properties
2016-03-15 16:36:54 INFO  Messenger:73 - result of propertiesRead:
	morning: С добрым утром, Мир!
	day: Добрый день, Мир!
	evening: Добрый вечер, Мир!
	night: Спокойной ночи, Мир!
2016-03-15 16:36:54 INFO  Messenger:77 - received currentTime: Tue Mar 15 16:36:54 EET 2016
2016-03-15 16:36:54 INFO  Messenger:82 - result of getHourFromDate method: 16
2016-03-15 16:36:54 INFO  Messenger:87 - received hour: 16
2016-03-15 16:36:54 INFO  Messenger:98 - result of getGreeting: Добрый день, Мир!

2016-03-15 16:37:03 INFO  Messenger:33 - received local: en_US
2016-03-15 16:37:03 INFO  Messenger:45 - result of recognizeLocale: english.properties
2016-03-15 16:37:03 INFO  Messenger:50 - received nameOfPropertiesFile: english.properties
2016-03-15 16:37:03 INFO  Messenger:73 - result of propertiesRead:
	morning: Good morning, World!
	day: Good day, World!
	evening: Good evening, World!
	night: Good night, World!
2016-03-15 16:37:03 INFO  Messenger:77 - received currentTime: Tue Mar 15 16:37:03 EET 2016
2016-03-15 16:37:03 INFO  Messenger:82 - result of getHourFromDate method: 16
2016-03-15 16:37:03 INFO  Messenger:87 - received hour: 16
2016-03-15 16:37:03 INFO  Messenger:98 - result of getGreeting: Good day, World!

2016-03-15 16:39:53 INFO  Messenger:33 - received local: en
2016-03-15 16:39:53 INFO  Messenger:45 - result of recognizeLocale: english.properties
2016-03-15 16:39:53 INFO  Messenger:50 - received nameOfPropertiesFile: english.properties
2016-03-15 16:39:53 INFO  Messenger:73 - result of propertiesRead:
	morning: Good morning, World!
	day: Good day, World!
	evening: Good evening, World!
	night: Good night, World!
2016-03-15 16:39:53 INFO  Messenger:33 - received local: ru
2016-03-15 16:39:53 INFO  Messenger:45 - result of recognizeLocale: russian.properties
2016-03-15 16:39:53 INFO  Messenger:50 - received nameOfPropertiesFile: russian.properties
2016-03-15 16:39:53 INFO  Messenger:73 - result of propertiesRead:
	morning: С добрым утром, Мир!
	day: Добрый день, Мир!
	evening: Добрый вечер, Мир!
	night: Спокойной ночи, Мир!
2016-03-15 16:39:53 INFO  Messenger:77 - received currentTime: Thu Jan 01 00:00:00 GMT+02:00 1970
2016-03-15 16:39:53 INFO  Messenger:82 - result of getHourFromDate method: 0
2016-03-15 16:39:53 INFO  Messenger:87 - received hour: 0
2016-03-15 16:39:53 INFO  Messenger:98 - result of getGreeting: Good night, World!

2016-03-15 16:39:53 INFO  Messenger:77 - received currentTime: Thu Jan 01 05:59:00 GMT+02:00 1970
2016-03-15 16:39:53 INFO  Messenger:82 - result of getHourFromDate method: 5
2016-03-15 16:39:53 INFO  Messenger:87 - received hour: 5
2016-03-15 16:39:53 INFO  Messenger:98 - result of getGreeting: Good night, World!

2016-03-15 16:39:53 INFO  Messenger:77 - received currentTime: Thu Jan 01 06:00:00 GMT+02:00 1970
2016-03-15 16:39:53 INFO  Messenger:82 - result of getHourFromDate method: 6
2016-03-15 16:39:53 INFO  Messenger:87 - received hour: 6
2016-03-15 16:39:53 INFO  Messenger:98 - result of getGreeting: Good morning, World!

2016-03-15 16:39:53 INFO  Messenger:77 - received currentTime: Thu Jan 01 08:59:00 GMT+02:00 1970
2016-03-15 16:39:53 INFO  Messenger:82 - result of getHourFromDate method: 8
2016-03-15 16:39:53 INFO  Messenger:87 - received hour: 8
2016-03-15 16:39:53 INFO  Messenger:98 - result of getGreeting: Good morning, World!

2016-03-15 16:39:53 INFO  Messenger:77 - received currentTime: Thu Jan 01 09:00:00 GMT+02:00 1970
2016-03-15 16:39:53 INFO  Messenger:82 - result of getHourFromDate method: 9
2016-03-15 16:39:53 INFO  Messenger:87 - received hour: 9
2016-03-15 16:39:53 INFO  Messenger:98 - result of getGreeting: Good day, World!

2016-03-15 16:39:53 INFO  Messenger:77 - received currentTime: Thu Jan 01 18:59:00 GMT+02:00 1970
2016-03-15 16:39:53 INFO  Messenger:82 - result of getHourFromDate method: 18
2016-03-15 16:39:53 INFO  Messenger:87 - received hour: 18
2016-03-15 16:39:53 INFO  Messenger:98 - result of getGreeting: Good day, World!

2016-03-15 16:39:53 INFO  Messenger:77 - received currentTime: Thu Jan 01 19:00:00 GMT+02:00 1970
2016-03-15 16:39:53 INFO  Messenger:82 - result of getHourFromDate method: 19
2016-03-15 16:39:53 INFO  Messenger:87 - received hour: 19
2016-03-15 16:39:53 INFO  Messenger:98 - result of getGreeting: Good evening, World!

2016-03-15 16:39:53 INFO  Messenger:77 - received currentTime: Thu Jan 01 22:59:00 GMT+02:00 1970
2016-03-15 16:39:53 INFO  Messenger:82 - result of getHourFromDate method: 22
2016-03-15 16:39:53 INFO  Messenger:87 - received hour: 22
2016-03-15 16:39:53 INFO  Messenger:98 - result of getGreeting: Good evening, World!

2016-03-15 16:39:53 INFO  Messenger:77 - received currentTime: Thu Jan 01 00:00:00 GMT+02:00 1970
2016-03-15 16:39:53 INFO  Messenger:82 - result of getHourFromDate method: 0
2016-03-15 16:39:53 INFO  Messenger:87 - received hour: 0
2016-03-15 16:39:53 INFO  Messenger:98 - result of getGreeting: Спокойной ночи, Мир!

2016-03-15 16:39:53 INFO  Messenger:77 - received currentTime: Thu Jan 01 05:59:00 GMT+02:00 1970
2016-03-15 16:39:53 INFO  Messenger:82 - result of getHourFromDate method: 5
2016-03-15 16:39:53 INFO  Messenger:87 - received hour: 5
2016-03-15 16:39:53 INFO  Messenger:98 - result of getGreeting: Спокойной ночи, Мир!

2016-03-15 16:39:53 INFO  Messenger:77 - received currentTime: Thu Jan 01 06:00:00 GMT+02:00 1970
2016-03-15 16:39:53 INFO  Messenger:82 - result of getHourFromDate method: 6
2016-03-15 16:39:53 INFO  Messenger:87 - received hour: 6
2016-03-15 16:39:53 INFO  Messenger:98 - result of getGreeting: С добрым утром, Мир!

2016-03-15 16:39:53 INFO  Messenger:77 - received currentTime: Thu Jan 01 08:59:00 GMT+02:00 1970
2016-03-15 16:39:53 INFO  Messenger:82 - result of getHourFromDate method: 8
2016-03-15 16:39:53 INFO  Messenger:87 - received hour: 8
2016-03-15 16:39:53 INFO  Messenger:98 - result of getGreeting: С добрым утром, Мир!

2016-03-15 16:39:53 INFO  Messenger:77 - received currentTime: Thu Jan 01 09:00:00 GMT+02:00 1970
2016-03-15 16:39:53 INFO  Messenger:82 - result of getHourFromDate method: 9
2016-03-15 16:39:53 INFO  Messenger:87 - received hour: 9
2016-03-15 16:39:53 INFO  Messenger:98 - result of getGreeting: Добрый день, Мир!

2016-03-15 16:39:53 INFO  Messenger:77 - received currentTime: Thu Jan 01 18:59:00 GMT+02:00 1970
2016-03-15 16:39:53 INFO  Messenger:82 - result of getHourFromDate method: 18
2016-03-15 16:39:53 INFO  Messenger:87 - received hour: 18
2016-03-15 16:39:53 INFO  Messenger:98 - result of getGreeting: Добрый день, Мир!

2016-03-15 16:39:53 INFO  Messenger:77 - received currentTime: Thu Jan 01 19:00:00 GMT+02:00 1970
2016-03-15 16:39:53 INFO  Messenger:82 - result of getHourFromDate method: 19
2016-03-15 16:39:53 INFO  Messenger:87 - received hour: 19
2016-03-15 16:39:53 INFO  Messenger:98 - result of getGreeting: Добрый вечер, Мир!

2016-03-15 16:39:53 INFO  Messenger:77 - received currentTime: Thu Jan 01 22:59:00 GMT+02:00 1970
2016-03-15 16:39:53 INFO  Messenger:82 - result of getHourFromDate method: 22
2016-03-15 16:39:53 INFO  Messenger:87 - received hour: 22
2016-03-15 16:39:53 INFO  Messenger:98 - result of getGreeting: Добрый вечер, Мир!

